[debug] [2023-11-18T04:26:33.039Z] ----------------------------------------------------------------------
[debug] [2023-11-18T04:26:33.042Z] Command:       /home/arijit/.nvm/versions/node/v20.5.1/bin/node /home/arijit/.nvm/versions/node/v20.5.1/bin/firebase init
[debug] [2023-11-18T04:26:33.043Z] CLI Version:   12.9.1
[debug] [2023-11-18T04:26:33.043Z] Platform:      linux
[debug] [2023-11-18T04:26:33.043Z] Node Version:  v20.5.1
[debug] [2023-11-18T04:26:33.043Z] Time:          Sat Nov 18 2023 09:56:33 GMT+0530 (India Standard Time)
[debug] [2023-11-18T04:26:33.043Z] ----------------------------------------------------------------------
[debug] 
[debug] [2023-11-18T04:26:33.052Z] > command requires scopes: ["email","openid","https://www.googleapis.com/auth/cloudplatformprojects.readonly","https://www.googleapis.com/auth/firebase","https://www.googleapis.com/auth/cloud-platform"]
[debug] [2023-11-18T04:26:33.053Z] > authorizing via signed-in user (dasarijit727@gmail.com)
[info] 
     ######## #### ########  ######## ########     ###     ######  ########
     ##        ##  ##     ## ##       ##     ##  ##   ##  ##       ##
     ######    ##  ########  ######   ########  #########  ######  ######
     ##        ##  ##    ##  ##       ##     ## ##     ##       ## ##
     ##       #### ##     ## ######## ########  ##     ##  ######  ########

You're about to initialize a Firebase project in this directory:

  /home/arijit/Documents/Next-Nedhu_hotel/my-app

[info] 
=== Project Setup
[info] 
[info] First, let's associate this project directory with a Firebase project.
[info] You can create multiple project aliases by running firebase use --add, 
[info] but for now we'll just set up a default project.
[info] 
[debug] [2023-11-18T04:26:39.504Z] >>> [apiv2][query] GET https://firebase.googleapis.com/v1beta1/projects pageSize=100
[debug] [2023-11-18T04:26:40.646Z] <<< [apiv2][status] GET https://firebase.googleapis.com/v1beta1/projects 200
[debug] [2023-11-18T04:26:40.649Z] <<< [apiv2][body] GET https://firebase.googleapis.com/v1beta1/projects [omitted]
[info] i  Using project nedhuhotelproject (NedhuHotelproject) 
[info] 
=== Hosting Setup
[debug] [2023-11-18T04:26:42.220Z] >>> [apiv2][query] GET https://firebase.googleapis.com/v1beta1/projects/nedhuhotelproject [none]
[debug] [2023-11-18T04:26:42.634Z] <<< [apiv2][status] GET https://firebase.googleapis.com/v1beta1/projects/nedhuhotelproject 200
[debug] [2023-11-18T04:26:42.638Z] <<< [apiv2][body] GET https://firebase.googleapis.com/v1beta1/projects/nedhuhotelproject {"projectId":"nedhuhotelproject","projectNumber":"609729275631","displayName":"NedhuHotelproject","name":"projects/nedhuhotelproject","resources":{"hostingSite":"nedhuhotelproject"},"state":"ACTIVE","etag":"1_3d35e0a8-9cfe-4f40-a357-df75c5f015f6"}
[info] 
[info] Your public directory is the folder (relative to your project directory) that
[info] will contain Hosting assets to be uploaded with firebase deploy. If you
[info] have a build process for your assets, use your build's output directory.
[info] 
[debug] [2023-11-18T04:26:48.763Z] >>> [apiv2][query] GET https://www.gstatic.com/firebasejs/releases.json [none]
[debug] [2023-11-18T04:26:49.021Z] <<< [apiv2][status] GET https://www.gstatic.com/firebasejs/releases.json 200
[debug] [2023-11-18T04:26:49.021Z] <<< [apiv2][body] GET https://www.gstatic.com/firebasejs/releases.json {"current":{"version":"10.6.0","browserURL":"https://www.gstatic.com/firebasejs/10.6.0/firebase.js","packageURL":"https://www.gstatic.com/firebasejs/10.6.0/firebase.tgz"},"live":{"version":"10.6","browserURL":"https://www.gstatic.com/firebasejs/live/10.6/firebase.js","packageURL":"https://www.gstatic.com/firebasejs/live/10.6/firebase.tgz"},"components":{"analytics":"https://www.gstatic.com/firebasejs/10.6.0/firebase-analytics.js","app":"https://www.gstatic.com/firebasejs/10.6.0/firebase-app.js","app-check":"https://www.gstatic.com/firebasejs/10.6.0/firebase-app-check.js","auth":"https://www.gstatic.com/firebasejs/10.6.0/firebase-auth.js","auth/cordova":"https://www.gstatic.com/firebasejs/10.6.0/firebase-auth/cordova.js","functions":"https://www.gstatic.com/firebasejs/10.6.0/firebase-functions.js","firestore":"https://www.gstatic.com/firebasejs/10.6.0/firebase-firestore.js","firestore/lite":"https://www.gstatic.com/firebasejs/10.6.0/firebase-firestore/lite.js","installations":"https://www.gstatic.com/firebasejs/10.6.0/firebase-installations.js","storage":"https://www.gstatic.com/firebasejs/10.6.0/firebase-storage.js","performance":"https://www.gstatic.com/firebasejs/10.6.0/firebase-performance.js","remote-config":"https://www.gstatic.com/firebasejs/10.6.0/firebase-remote-config.js","messaging":"https://www.gstatic.com/firebasejs/10.6.0/firebase-messaging.js","messaging/sw":"https://www.gstatic.com/firebasejs/10.6.0/firebase-messaging/sw.js","database":"https://www.gstatic.com/firebasejs/10.6.0/firebase-database.js","firestore.memory":"https://www.gstatic.com/firebasejs/10.6.0/firebase-firestore.memory.js"}}
[info] ✔  Wrote public/index.html 
[info] 
[info] i  Detected a .git folder at /home/arijit/Documents/Next-Nedhu_hotel/my-app 
[info] i  Authorizing with GitHub to upload your service account to a GitHub repository's secrets store. 
[info] 
[info] Visit this URL on this device to log in:
[info] https://github.com/login/oauth/authorize?client_id=89cf50f02ac6aaed3484&state=294455474&redirect_uri=http%3A%2F%2Flocalhost%3A9006&scope=read%3Auser%20repo%20public_repo
[info] 
[info] Waiting for authentication...
[debug] [2023-11-18T04:26:57.067Z] >>> [apiv2][query] POST https://github.com/login/oauth/access_token [none]
[debug] [2023-11-18T04:26:57.075Z] >>> [apiv2][body] POST https://github.com/login/oauth/access_token [stream]
[debug] [2023-11-18T04:26:57.562Z] <<< [apiv2][status] POST https://github.com/login/oauth/access_token 200
[debug] [2023-11-18T04:26:57.563Z] <<< [apiv2][body] POST https://github.com/login/oauth/access_token {"access_token":"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","token_type":"bearer","scope":"read:user,repo"}
[debug] [2023-11-18T04:26:57.577Z] >>> [apiv2][query] GET https://api.github.com/user [none]
[debug] [2023-11-18T04:26:58.089Z] <<< [apiv2][status] GET https://api.github.com/user 200
[debug] [2023-11-18T04:26:58.104Z] <<< [apiv2][body] GET https://api.github.com/user {"login":"arijitdasdaswer","id":145690292,"node_id":"U_kgDOCK8OtA","avatar_url":"https://avatars.githubusercontent.com/u/145690292?v=4","gravatar_id":"","url":"https://api.github.com/users/arijitdasdaswer","html_url":"https://github.com/arijitdasdaswer","followers_url":"https://api.github.com/users/arijitdasdaswer/followers","following_url":"https://api.github.com/users/arijitdasdaswer/following{/other_user}","gists_url":"https://api.github.com/users/arijitdasdaswer/gists{/gist_id}","starred_url":"https://api.github.com/users/arijitdasdaswer/starred{/owner}{/repo}","subscriptions_url":"https://api.github.com/users/arijitdasdaswer/subscriptions","organizations_url":"https://api.github.com/users/arijitdasdaswer/orgs","repos_url":"https://api.github.com/users/arijitdasdaswer/repos","events_url":"https://api.github.com/users/arijitdasdaswer/events{/privacy}","received_events_url":"https://api.github.com/users/arijitdasdaswer/received_events","type":"User","site_admin":false,"name":null,"company":null,"blog":"","location":null,"email":null,"hireable":null,"bio":null,"twitter_username":null,"public_repos":1,"public_gists":0,"followers":0,"following":0,"created_at":"2023-09-21T14:33:37Z","updated_at":"2023-09-21T14:33:37Z","private_gists":0,"total_private_repos":1,"owned_private_repos":1,"disk_usage":110995,"collaborators":0,"two_factor_authentication":true,"plan":{"name":"free","space":976562499,"collaborators":0,"private_repos":10000}}
[info] 
[info] ✔  Success! Logged into GitHub as arijitdasdaswer 
[info] 
